<?xml version="1.0" encoding="UTF-8"?>
<!-- Generated by org.testng.reporters.JUnitXMLReporter -->
<testsuite ignored="0" hostname="AH4001136LT" failures="0" tests="5" name="Test" time="143.824" errors="0" timestamp="2023-09-02T18:12:57 IST">
  <testcase classname="tests.EndtoEnd" name="Register" time="25.161"/>
  <testcase classname="tests.EndtoEnd" name="Login" time="11.868"/>
  <testcase classname="tests.LoginTest" name="login" time="12.455"/>
  <testcase classname="tests.LoginTest" name="login" time="11.918"/>
  <testcase classname="tests.RegisterAccountTest" name="registerNewAccount" time="27.545"/>
</testsuite> <!-- Test -->
